<?xml version="1.0" encoding="UTF-8"?>
<Site BuildName="(empty)"
	BuildStamp="20240708-0205-Experimental"
	Name="Atriz"
	Generator="ctest-3.16.3"
	CompilerName="/usr/bin/c++"
	CompilerVersion="9.4.0"
	OSName="Linux"
	Hostname="Atriz"
	OSRelease="5.15.0-113-generic"
	OSVersion="#123~20.04.1-Ubuntu SMP Wed Jun 12 17:33:13 UTC 2024"
	OSPlatform="x86_64"
	Is64Bits="1"
	VendorString="AuthenticAMD"
	VendorID="Advanced Micro Devices"
	FamilyID="23"
	ModelID="104"
	ProcessorCacheSize="512"
	NumberOfLogicalCPU="12"
	NumberOfPhysicalCPU="6"
	TotalVirtualMemory="2047"
	TotalPhysicalMemory="7314"
	LogicalProcessorsPerPhysical="2"
	ProcessorClockFrequency="1722.4"
	>
	<Testing>
		<StartDateTime>Jul 07 21:05 -05</StartDateTime>
		<StartTestTime>1720404311</StartTestTime>
		<TestList/>
		<EndDateTime>Jul 07 21:05 -05</EndDateTime>
		<EndTestTime>1720404311</EndTestTime>
		<ElapsedMinutes>0</ElapsedMinutes>
	</Testing>
</Site>
